{"total": {"lines":{"total":289,"covered":283,"skipped":0,"pct":97.92},"statements":{"total":341,"covered":329,"skipped":0,"pct":96.48},"functions":{"total":81,"covered":81,"skipped":0,"pct":100},"branches":{"total":284,"covered":253,"skipped":0,"pct":89.08},"branchesTrue":{"total":0,"covered":0,"skipped":0,"pct":100}}
,"/Users/hoo/Documents/Zcode_GLM/AitionOWS_V1.2.3/src/app/[locale]/(admin)/admin/(panel)/dashboard/logic.ts": {"lines":{"total":23,"covered":23,"skipped":0,"pct":100},"functions":{"total":9,"covered":9,"skipped":0,"pct":100},"statements":{"total":26,"covered":26,"skipped":0,"pct":100},"branches":{"total":21,"covered":20,"skipped":0,"pct":95.23}}
,"/Users/hoo/Documents/Zcode_GLM/AitionOWS_V1.2.3/src/app/[locale]/(site)/account/logic.ts": {"lines":{"total":10,"covered":10,"skipped":0,"pct":100},"functions":{"total":6,"covered":6,"skipped":0,"pct":100},"statements":{"total":12,"covered":12,"skipped":0,"pct":100},"branches":{"total":14,"covered":13,"skipped":0,"pct":92.85}}
,"/Users/hoo/Documents/Zcode_GLM/AitionOWS_V1.2.3/src/app/api/admin/dashboard/route.ts": {"lines":{"total":9,"covered":8,"skipped":0,"pct":88.88},"functions":{"total":1,"covered":1,"skipped":0,"pct":100},"statements":{"total":11,"covered":9,"skipped":0,"pct":81.81},"branches":{"total":8,"covered":6,"skipped":0,"pct":75}}
,"/Users/hoo/Documents/Zcode_GLM/AitionOWS_V1.2.3/src/app/api/interaction/favorite/route.ts": {"lines":{"total":4,"covered":4,"skipped":0,"pct":100},"functions":{"total":1,"covered":1,"skipped":0,"pct":100},"statements":{"total":5,"covered":5,"skipped":0,"pct":100},"branches":{"total":2,"covered":2,"skipped":0,"pct":100}}
,"/Users/hoo/Documents/Zcode_GLM/AitionOWS_V1.2.3/src/lib/seo/open-graph.ts": {"lines":{"total":11,"covered":10,"skipped":0,"pct":90.9},"functions":{"total":4,"covered":4,"skipped":0,"pct":100},"statements":{"total":12,"covered":11,"skipped":0,"pct":91.66},"branches":{"total":20,"covered":18,"skipped":0,"pct":90}}
,"/Users/hoo/Documents/Zcode_GLM/AitionOWS_V1.2.3/src/server/analytics/index.ts": {"lines":{"total":52,"covered":52,"skipped":0,"pct":100},"functions":{"total":14,"covered":14,"skipped":0,"pct":100},"statements":{"total":65,"covered":64,"skipped":0,"pct":98.46},"branches":{"total":47,"covered":46,"skipped":0,"pct":97.87}}
,"/Users/hoo/Documents/Zcode_GLM/AitionOWS_V1.2.3/src/server/content/llms.ts": {"lines":{"total":30,"covered":30,"skipped":0,"pct":100},"functions":{"total":3,"covered":3,"skipped":0,"pct":100},"statements":{"total":33,"covered":33,"skipped":0,"pct":100},"branches":{"total":16,"covered":16,"skipped":0,"pct":100}}
,"/Users/hoo/Documents/Zcode_GLM/AitionOWS_V1.2.3/src/server/content/product.ts": {"lines":{"total":31,"covered":31,"skipped":0,"pct":100},"functions":{"total":10,"covered":10,"skipped":0,"pct":100},"statements":{"total":39,"covered":38,"skipped":0,"pct":97.43},"branches":{"total":42,"covered":40,"skipped":0,"pct":95.23}}
,"/Users/hoo/Documents/Zcode_GLM/AitionOWS_V1.2.3/src/server/notify/template.ts": {"lines":{"total":56,"covered":54,"skipped":0,"pct":96.42},"functions":{"total":19,"covered":19,"skipped":0,"pct":100},"statements":{"total":63,"covered":61,"skipped":0,"pct":96.82},"branches":{"total":60,"covered":51,"skipped":0,"pct":85}}
,"/Users/hoo/Documents/Zcode_GLM/AitionOWS_V1.2.3/src/server/ugc/favorite.ts": {"lines":{"total":47,"covered":45,"skipped":0,"pct":95.74},"functions":{"total":12,"covered":12,"skipped":0,"pct":100},"statements":{"total":57,"covered":53,"skipped":0,"pct":92.98},"branches":{"total":37,"covered":27,"skipped":0,"pct":72.97}}
,"/Users/hoo/Documents/Zcode_GLM/AitionOWS_V1.2.3/src/server/user/profile.ts": {"lines":{"total":16,"covered":16,"skipped":0,"pct":100},"functions":{"total":2,"covered":2,"skipped":0,"pct":100},"statements":{"total":18,"covered":17,"skipped":0,"pct":94.44},"branches":{"total":17,"covered":14,"skipped":0,"pct":82.35}}
}
