{"total": {"lines":{"total":194,"covered":190,"skipped":0,"pct":97.93},"statements":{"total":227,"covered":219,"skipped":0,"pct":96.47},"functions":{"total":53,"covered":53,"skipped":0,"pct":100},"branches":{"total":186,"covered":159,"skipped":0,"pct":85.48},"branchesTrue":{"total":0,"covered":0,"skipped":0,"pct":100}}
,"/Users/hoo/Documents/Zcode_GLM/AitionOWS_V1.2.3/src/app/[locale]/(site)/account/logic.ts": {"lines":{"total":10,"covered":10,"skipped":0,"pct":100},"functions":{"total":6,"covered":6,"skipped":0,"pct":100},"statements":{"total":12,"covered":12,"skipped":0,"pct":100},"branches":{"total":14,"covered":13,"skipped":0,"pct":92.85}}
,"/Users/hoo/Documents/Zcode_GLM/AitionOWS_V1.2.3/src/app/api/interaction/favorite/route.ts": {"lines":{"total":4,"covered":4,"skipped":0,"pct":100},"functions":{"total":1,"covered":1,"skipped":0,"pct":100},"statements":{"total":5,"covered":5,"skipped":0,"pct":100},"branches":{"total":2,"covered":2,"skipped":0,"pct":100}}
,"/Users/hoo/Documents/Zcode_GLM/AitionOWS_V1.2.3/src/server/content/llms.ts": {"lines":{"total":30,"covered":30,"skipped":0,"pct":100},"functions":{"total":3,"covered":3,"skipped":0,"pct":100},"statements":{"total":33,"covered":33,"skipped":0,"pct":100},"branches":{"total":16,"covered":16,"skipped":0,"pct":100}}
,"/Users/hoo/Documents/Zcode_GLM/AitionOWS_V1.2.3/src/server/content/product.ts": {"lines":{"total":31,"covered":31,"skipped":0,"pct":100},"functions":{"total":10,"covered":10,"skipped":0,"pct":100},"statements":{"total":39,"covered":38,"skipped":0,"pct":97.43},"branches":{"total":40,"covered":36,"skipped":0,"pct":90}}
,"/Users/hoo/Documents/Zcode_GLM/AitionOWS_V1.2.3/src/server/notify/template.ts": {"lines":{"total":56,"covered":54,"skipped":0,"pct":96.42},"functions":{"total":19,"covered":19,"skipped":0,"pct":100},"statements":{"total":63,"covered":61,"skipped":0,"pct":96.82},"branches":{"total":60,"covered":51,"skipped":0,"pct":85}}
,"/Users/hoo/Documents/Zcode_GLM/AitionOWS_V1.2.3/src/server/ugc/favorite.ts": {"lines":{"total":47,"covered":45,"skipped":0,"pct":95.74},"functions":{"total":12,"covered":12,"skipped":0,"pct":100},"statements":{"total":57,"covered":53,"skipped":0,"pct":92.98},"branches":{"total":37,"covered":27,"skipped":0,"pct":72.97}}
,"/Users/hoo/Documents/Zcode_GLM/AitionOWS_V1.2.3/src/server/user/profile.ts": {"lines":{"total":16,"covered":16,"skipped":0,"pct":100},"functions":{"total":2,"covered":2,"skipped":0,"pct":100},"statements":{"total":18,"covered":17,"skipped":0,"pct":94.44},"branches":{"total":17,"covered":14,"skipped":0,"pct":82.35}}
}
